<?xml version="1.0" encoding="UTF-8"?>
<!-- Generated by org.testng.reporters.JUnitReportReporter -->
<testsuite skipped="0" hostname="PC238680" name="testRunner.Runnercreation" tests="1" failures="0" timestamp="13 Jun 2017 05:44:15 GMT" time="53.854" errors="0">
  <testcase name="feature" time="53.854" classname="testRunner.Runnercreation"/>
</testsuite> <!-- testRunner.Runnercreation -->
